MPASM  5.51           CONTADOR_ASCENDENTE.ASM   3-16-2025  23:21:33         PAGE  1


LOC  OBJECT CODE     LINE SOURCE TEXT
  VALUE

                      00001 ;EJERCICIO 1
                      00002 ;Realizar un programa en ensamblador, que cuando se presione un pulsador 
                      00003 ;pull-down incremente un contador, este contador se tiene que visualizar 
                      00004 ;por un display de cátodo común, el pulsador esta conectado al pin RA0, 
                      00005 ;El display está conectado al puerto B.
                      00006 
2007   3F39           00007                 __CONFIG _XT_OSC & _WDTE_OFF & _PWRTE_OFF & _CP_OFF & _LVP_OFF & _BOREN_OFF
                      00008                 LIST    P=16F877A
                      00009                 INCLUDE <P16F877A.INC>
                      00001         LIST
                      00002 
                      00003 ;==========================================================================
                      00004 ;  MPASM PIC16F877A processor include
                      00005 ; 
                      00006 ;  (c) Copyright 1999-2013 Microchip Technology, All rights reserved
                      00007 ;==========================================================================
                      00008 
                      00566         LIST
                      00010 
                      00011 
                      00012                 CBLOCK 0X20                     ;Bloque de variables
  00000020            00013                 INCREMENTAR
  00000021            00014                 CONT1
  00000022            00015                 CONT2
  00000023            00016                 CONT3
                      00017                 ENDC
                      00018                 #DEFINE BUTTON  PORTA,RA0
                      00019 
0000                  00020                         ORG             0X00            ;El programa inicia en estadirección
0000   2801           00021                         GOTO    CONFIGURAR      ;Ir a etiqueta CONFIGURAR
0001                  00022 CONFIGURAR:
0001   1683           00023                         BSF             STATUS,RP0      ;Ingresar al banco 1
0002   3006           00024                         MOVLW   0X06            ;Cargarel dato 0x06 al registro de trabajo
Message[302]: Register in operand not in bank 0.  Ensure that bank bits are correct.
0003   009F           00025                         MOVWF   ADCON1          ;Mover el registro de trabajo al registro ADCON1
Message[302]: Register in operand not in bank 0.  Ensure that bank bits are correct.
0004   1405           00026                         BSF             TRISA,RA0       ;Configura el bit en especifico  RA0 como entrad
                            a de señal
Message[302]: Register in operand not in bank 0.  Ensure that bank bits are correct.
0005   0186           00027                         CLRF    TRISB           ;Todo el pueto B se configura como salida
0006   1283           00028                         BCF             STATUS,RP0      ;Volver al banco 0
0007   0186           00029                         CLRF    PORTB           ;Limpiar el puerto B
0008   01A0           00030                         CLRF    INCREMENTAR     ;Limpiar el registro auxiliar 
                      00031 ;--------PROGRAMA_PRINCIPAL----------------
                      00032 ;------------------------------------------
0009                  00033 MAIN:
0009   2013           00034                 CALL    VISUALIZAR              ;Subrutina para visualizar los valores en el display
000A   1C05           00035                 BTFSS   BUTTON                  ;Pregunta si se presionó el pulsador para luego realizar
                             el salto
000B   2809           00036                 GOTO    MAIN                    ;No se presiono ejecuta GOTO MAIN
000C   2029           00037                 CALL    RETARDO_20MS    ;Salta aqui si se prsiono el pulsador ejecuta Retardo de antirre
                            bote
000D   1C05           00038                 BTFSS   BUTTON                  ;Vuelve a preguntar si esta pulsado o solo fue rebote
MPASM  5.51           CONTADOR_ASCENDENTE.ASM   3-16-2025  23:21:33         PAGE  2


LOC  OBJECT CODE     LINE SOURCE TEXT
  VALUE

000E   2809           00039                 GOTO    MAIN                    ;Fue rebote y ejecuta GOTO MAIN
000F   2017           00040                 CALL    CONTADOR                ;Salta aquí por que se presionó el pulsador y no fue reb
                            ote, ejecuta CALL CONTADOR 
0010                  00041 ESPERA_DEJA_PULSAR:
0010   1805           00042                 BTFSC   BUTTON                  ;Si se dejo de pulsar realiza un salto
0011   2810           00043                 GOTO    ESPERA_DEJA_PULSAR      ;Sigue presionado ejecuta GOTO  ESPERA_DEJA_PULSAR
0012   2809           00044                 GOTO    MAIN                    ;Se dejo de presionar realiza el salto y ejecuta GOTO MA
                            IN
                      00045 ;-----------------------------------------
                      00046 
                      00047 ;+--------------MÓDULO_PARA_VISUALIZAR----------------------------------+
0013                  00048 VISUALIZAR:
0013   0820           00049                         MOVF    INCREMENTAR,W   ;Mover el contenido del registro INCEMENTAR a 'W' 
0014   201E           00050                         CALL    TABLA_DEC               ;Realiza el llamado a la subrutina TABLA_DEC
0015   0086           00051                         MOVWF   PORTB                   ;Vuelve con un valor en el registro de trabajo y
                             lo mueve al PORTB
0016   0008           00052                         RETURN                                  ;Retorno de subrutina
                      00053 ;+----------------------------------------------------------------------+
                      00054 
                      00055 ;+-------------MÓDULO_PARA_INCREMENTAR_UN_CONTADOR_AUXILIAR-------------+
0017                  00056 CONTADOR:
0017   0AA0           00057                         INCF    INCREMENTAR,F   ;INCREMENTAR=INCREMENTAR+1
0018   300A           00058                         MOVLW   .10                             ;Límite del incremento
0019   0220           00059                         SUBWF   INCREMENTAR,W   ;W=INCREMENTAR-W
001A   1D03           00060                         BTFSS   STATUS,Z                ;Verifica la bandera 'z'
001B   0008           00061                         RETURN                                  ;Retorno de Subrutina
001C   01A0           00062                         CLRF    INCREMENTAR             ;Limpiar el registro INCREMENTAR
001D   0008           00063                         RETURN                                  ;Retorno de Subrutina
                      00064 ;+----------------------------------------------------------------------+
                      00065                         
                      00066 ;Tabla de los numeros a visualizar por el puerto B en el display 7 segentos
001E                  00067 TABLA_DEC:
001E   0782           00068                         ADDWF   PCL,F   ;PCL=PCL+W
001F   343F           00069                         RETLW   0X3F    ;0
0020   3406           00070                         RETLW   0X06    ;1
0021   345B           00071                         RETLW   0X5B    ;2
0022   344F           00072                         RETLW   0X4F    ;3
0023   3466           00073                         RETLW   0X66    ;4
0024   346D           00074                         RETLW   0X6D    ;5
0025   347D           00075                         RETLW   0X7D    ;6
0026   3407           00076                         RETLW   0X07    ;7
0027   347F           00077                         RETLW   0X7F    ;8
0028   346F           00078                         RETLW   0X6F    ;9
                      00079 ;Subrutina de Retardo de 20ms
0029                  00080 RETARDO_20MS:
0029   300D           00081                         MOVLW   .13             ;P
002A   00A1           00082                         MOVWF   CONT1
002B                  00083 BUCLE3:
002B   300A           00084                         MOVLW   .10             ;M
002C   00A2           00085                         MOVWF   CONT2
002D                  00086 BUCLE2:
002D   3032           00087                         MOVLW   .50             ;N
002E   00A1           00088                         MOVWF   CONT1
MPASM  5.51           CONTADOR_ASCENDENTE.ASM   3-16-2025  23:21:33         PAGE  3


LOC  OBJECT CODE     LINE SOURCE TEXT
  VALUE

002F                  00089 BUCLE1:
002F   0BA1           00090                         DECFSZ  CONT1,F 
0030   282F           00091                         GOTO    BUCLE1
0031   0BA2           00092                         DECFSZ  CONT2,F
0032   282D           00093                         GOTO    BUCLE2
0033   0BA3           00094                         DECFSZ  CONT3,F
0034   282B           00095                         GOTO    BUCLE3
0035   0008           00096                         RETURN
                      00097                         END
MPASM  5.51           CONTADOR_ASCENDENTE.ASM   3-16-2025  23:21:33         PAGE  4


SYMBOL TABLE
  LABEL                             VALUE 

ACKDT                             00000005
ACKEN                             00000004
ACKSTAT                           00000006
ADCON0                            0000001F
ADCON1                            0000009F
ADCS0                             00000006
ADCS1                             00000007
ADCS2                             00000006
ADDEN                             00000003
ADFM                              00000007
ADIE                              00000006
ADIF                              00000006
ADON                              00000000
ADRESH                            0000001E
ADRESL                            0000009E
BCLIE                             00000003
BCLIF                             00000003
BF                                00000000
BRGH                              00000002
BUCLE1                            0000002F
BUCLE2                            0000002D
BUCLE3                            0000002B
BUTTON                            PORTA,RA0
C                                 00000000
C1INV                             00000004
C1OUT                             00000006
C2INV                             00000005
C2OUT                             00000007
CCP1CON                           00000017
CCP1IE                            00000002
CCP1IF                            00000002
CCP1M0                            00000000
CCP1M1                            00000001
CCP1M2                            00000002
CCP1M3                            00000003
CCP1X                             00000005
CCP1Y                             00000004
CCP2CON                           0000001D
CCP2IE                            00000000
CCP2IF                            00000000
CCP2M0                            00000000
CCP2M1                            00000001
CCP2M2                            00000002
CCP2M3                            00000003
CCP2X                             00000005
CCP2Y                             00000004
CCPR1                             00000015
CCPR1H                            00000016
CCPR1L                            00000015
CCPR2                             0000001B
CCPR2H                            0000001C
CCPR2L                            0000001B
CHS0                              00000003
MPASM  5.51           CONTADOR_ASCENDENTE.ASM   3-16-2025  23:21:33         PAGE  5


SYMBOL TABLE
  LABEL                             VALUE 

CHS1                              00000004
CHS2                              00000005
CIS                               00000003
CKE                               00000006
CKP                               00000004
CM0                               00000000
CM1                               00000001
CM2                               00000002
CMCON                             0000009C
CMIE                              00000006
CMIF                              00000006
CONFIGURAR                        00000001
CONT1                             00000021
CONT2                             00000022
CONT3                             00000023
CONTADOR                          00000017
CREN                              00000004
CSRC                              00000007
CVR0                              00000000
CVR1                              00000001
CVR2                              00000002
CVR3                              00000003
CVRCON                            0000009D
CVREN                             00000007
CVROE                             00000006
CVRR                              00000005
D                                 00000005
DATA_ADDRESS                      00000005
DC                                00000001
D_A                               00000005
D_NOT_A                           00000005
EEADR                             0000010D
EEADRH                            0000010F
EECON1                            0000018C
EECON2                            0000018D
EEDATA                            0000010C
EEDATH                            0000010E
EEIE                              00000004
EEIF                              00000004
EEPGD                             00000007
ESPERA_DEJA_PULSAR                00000010
F                                 00000001
FERR                              00000002
FSR                               00000004
GCEN                              00000007
GIE                               00000007
GO                                00000002
GO_DONE                           00000002
GO_NOT_DONE                       00000002
I2C_DATA                          00000005
I2C_READ                          00000002
I2C_START                         00000003
I2C_STOP                          00000004
MPASM  5.51           CONTADOR_ASCENDENTE.ASM   3-16-2025  23:21:33         PAGE  6


SYMBOL TABLE
  LABEL                             VALUE 

IBF                               00000007
IBOV                              00000005
INCREMENTAR                       00000020
INDF                              00000000
INTCON                            0000000B
INTE                              00000004
INTEDG                            00000006
INTF                              00000001
IRP                               00000007
MAIN                              00000009
NOT_A                             00000005
NOT_ADDRESS                       00000005
NOT_BO                            00000000
NOT_BOR                           00000000
NOT_DONE                          00000002
NOT_PD                            00000003
NOT_POR                           00000001
NOT_RBPU                          00000007
NOT_RC8                           00000006
NOT_T1SYNC                        00000002
NOT_TO                            00000004
NOT_TX8                           00000006
NOT_W                             00000002
NOT_WRITE                         00000002
OBF                               00000006
OERR                              00000001
OPTION_REG                        00000081
P                                 00000004
PCFG0                             00000000
PCFG1                             00000001
PCFG2                             00000002
PCFG3                             00000003
PCL                               00000002
PCLATH                            0000000A
PCON                              0000008E
PEIE                              00000006
PEN                               00000002
PIE1                              0000008C
PIE2                              0000008D
PIR1                              0000000C
PIR2                              0000000D
PORTA                             00000005
PORTB                             00000006
PORTC                             00000007
PORTD                             00000008
PORTE                             00000009
PR2                               00000092
PS0                               00000000
PS1                               00000001
PS2                               00000002
PSA                               00000003
PSPIE                             00000007
PSPIF                             00000007
MPASM  5.51           CONTADOR_ASCENDENTE.ASM   3-16-2025  23:21:33         PAGE  7


SYMBOL TABLE
  LABEL                             VALUE 

PSPMODE                           00000004
R                                 00000002
RA0                               00000000
RA1                               00000001
RA2                               00000002
RA3                               00000003
RA4                               00000004
RA5                               00000005
RB0                               00000000
RB1                               00000001
RB2                               00000002
RB3                               00000003
RB4                               00000004
RB5                               00000005
RB6                               00000006
RB7                               00000007
RBIE                              00000003
RBIF                              00000000
RC0                               00000000
RC1                               00000001
RC2                               00000002
RC3                               00000003
RC4                               00000004
RC5                               00000005
RC6                               00000006
RC7                               00000007
RC8_9                             00000006
RC9                               00000006
RCD8                              00000000
RCEN                              00000003
RCIE                              00000005
RCIF                              00000005
RCREG                             0000001A
RCSTA                             00000018
RD                                00000000
RD0                               00000000
RD1                               00000001
RD2                               00000002
RD3                               00000003
RD4                               00000004
RD5                               00000005
RD6                               00000006
RD7                               00000007
RE0                               00000000
RE1                               00000001
RE2                               00000002
READ_WRITE                        00000002
RETARDO_20MS                      00000029
RP0                               00000005
RP1                               00000006
RSEN                              00000001
RX9                               00000006
RX9D                              00000000
MPASM  5.51           CONTADOR_ASCENDENTE.ASM   3-16-2025  23:21:33         PAGE  8


SYMBOL TABLE
  LABEL                             VALUE 

R_NOT_W                           00000002
R_W                               00000002
S                                 00000003
SEN                               00000000
SMP                               00000007
SPBRG                             00000099
SPEN                              00000007
SREN                              00000005
SSPADD                            00000093
SSPBUF                            00000013
SSPCON                            00000014
SSPCON2                           00000091
SSPEN                             00000005
SSPIE                             00000003
SSPIF                             00000003
SSPM0                             00000000
SSPM1                             00000001
SSPM2                             00000002
SSPM3                             00000003
SSPOV                             00000006
SSPSTAT                           00000094
STATUS                            00000003
SYNC                              00000004
T0CS                              00000005
T0IE                              00000005
T0IF                              00000002
T0SE                              00000004
T1CKPS0                           00000004
T1CKPS1                           00000005
T1CON                             00000010
T1INSYNC                          00000002
T1OSCEN                           00000003
T1SYNC                            00000002
T2CKPS0                           00000000
T2CKPS1                           00000001
T2CON                             00000012
TABLA_DEC                         0000001E
TMR0                              00000001
TMR0IE                            00000005
TMR0IF                            00000002
TMR1                              0000000E
TMR1CS                            00000001
TMR1H                             0000000F
TMR1IE                            00000000
TMR1IF                            00000000
TMR1L                             0000000E
TMR1ON                            00000000
TMR2                              00000011
TMR2IE                            00000001
TMR2IF                            00000001
TMR2ON                            00000002
TOUTPS0                           00000003
TOUTPS1                           00000004
MPASM  5.51           CONTADOR_ASCENDENTE.ASM   3-16-2025  23:21:33         PAGE  9


SYMBOL TABLE
  LABEL                             VALUE 

TOUTPS2                           00000005
TOUTPS3                           00000006
TRISA                             00000085
TRISA0                            00000000
TRISA1                            00000001
TRISA2                            00000002
TRISA3                            00000003
TRISA4                            00000004
TRISA5                            00000005
TRISB                             00000086
TRISB0                            00000000
TRISB1                            00000001
TRISB2                            00000002
TRISB3                            00000003
TRISB4                            00000004
TRISB5                            00000005
TRISB6                            00000006
TRISB7                            00000007
TRISC                             00000087
TRISC0                            00000000
TRISC1                            00000001
TRISC2                            00000002
TRISC3                            00000003
TRISC4                            00000004
TRISC5                            00000005
TRISC6                            00000006
TRISC7                            00000007
TRISD                             00000088
TRISD0                            00000000
TRISD1                            00000001
TRISD2                            00000002
TRISD3                            00000003
TRISD4                            00000004
TRISD5                            00000005
TRISD6                            00000006
TRISD7                            00000007
TRISE                             00000089
TRISE0                            00000000
TRISE1                            00000001
TRISE2                            00000002
TRMT                              00000001
TX8_9                             00000006
TX9                               00000006
TX9D                              00000000
TXD8                              00000000
TXEN                              00000005
TXIE                              00000004
TXIF                              00000004
TXREG                             00000019
TXSTA                             00000098
UA                                00000001
VISUALIZAR                        00000013
W                                 00000000
MPASM  5.51           CONTADOR_ASCENDENTE.ASM   3-16-2025  23:21:33         PAGE 10


SYMBOL TABLE
  LABEL                             VALUE 

WCOL                              00000007
WR                                00000001
WREN                              00000002
WRERR                             00000003
Z                                 00000002
_BODEN_OFF                        00003FBF
_BODEN_ON                         00003FFF
_BOREN_OFF                        00003FBF
_BOREN_ON                         00003FFF
_CONFIG                           00002007
_CPD_OFF                          00003FFF
_CPD_ON                           00003EFF
_CP_ALL                           00001FFF
_CP_OFF                           00003FFF
_CP_ON                            00001FFF
_DEBUG_OFF                        00003FFF
_DEBUG_ON                         000037FF
_DEVID1                           00002006
_FOSC_EXTRC                       00003FFF
_FOSC_HS                          00003FFE
_FOSC_LP                          00003FFC
_FOSC_XT                          00003FFD
_HS_OSC                           00003FFE
_IDLOC0                           00002000
_IDLOC1                           00002001
_IDLOC2                           00002002
_IDLOC3                           00002003
_LP_OSC                           00003FFC
_LVP_OFF                          00003F7F
_LVP_ON                           00003FFF
_PWRTE_OFF                        00003FFF
_PWRTE_ON                         00003FF7
_RC_OSC                           00003FFF
_WDTE_OFF                         00003FFB
_WDTE_ON                          00003FFF
_WDT_OFF                          00003FFB
_WDT_ON                           00003FFF
_WRT_1FOURTH                      00003BFF
_WRT_256                          00003DFF
_WRT_HALF                         000039FF
_WRT_OFF                          00003FFF
_XT_OSC                           00003FFD
__16F877A                         00000001
__DEBUG                           1
MPASM  5.51           CONTADOR_ASCENDENTE.ASM   3-16-2025  23:21:33         PAGE 11


MEMORY USAGE MAP ('X' = Used,  '-' = Unused)


0000 : XXXXXXXXXXXXXXXX XXXXXXXXXXXXXXXX XXXXXXXXXXXXXXXX XXXXXX----------
2000 : -------X-------- ---------------- ---------------- ----------------

All other memory blocks unused.

Program Memory Words Used:    54
Program Memory Words Free:  8138


Errors   :     0
Warnings :     0 reported,     0 suppressed
Messages :     3 reported,     0 suppressed

